<?xml version="1.0" encoding="UTF-8"?>
<!-- Generated by org.testng.reporters.JUnitXMLReporter -->
<testsuite ignored="1" hostname="LAPTOP-R43KBU4M" failures="0" tests="1" name="Default test" time="3.815" errors="0" timestamp="2025-03-19T17:00:50 IST">
  <testcase classname="testscripts.men.PrintDynamicData" name="keyBoardEventControlButton" time="3.78"/>
  <testcase classname="testscripts.men.PrintDynamicData" name="printDynamicData" time="0.0">
    <ignored/>
  </testcase> <!-- printDynamicData -->
</testsuite> <!-- Default test -->
