<?xml version="1.0" encoding="UTF-8"?>
<testng-results ignored="1" total="2" passed="1" failed="0" skipped="0">
  <reporter-output>
  </reporter-output>
  <suite started-at="2025-03-19T17:00:46 IST" name="Default suite" finished-at="2025-03-19T17:00:50 IST" duration-ms="3815">
    <groups>
    </groups>
    <test started-at="2025-03-19T17:00:46 IST" name="Default test" finished-at="2025-03-19T17:00:50 IST" duration-ms="3815">
      <class name="testscripts.men.PrintDynamicData">
        <test-method signature="keyBoardEventControlButton()[pri:0, instance:testscripts.men.PrintDynamicData@fbd1f6]" started-at="2025-03-19T17:00:46 IST" name="keyBoardEventControlButton" finished-at="2025-03-19T17:00:50 IST" duration-ms="3780" status="PASS">
          <reporter-output>
          </reporter-output>
        </test-method> <!-- keyBoardEventControlButton -->
      </class> <!-- testscripts.men.PrintDynamicData -->
    </test> <!-- Default test -->
  </suite> <!-- Default suite -->
</testng-results>
